total 1864
drwxr-xr-x   20 dbanzizi  2020_roma     680 Sep 10 13:07 .
drwxr-xr-x   44 dbanzizi  2020_roma    1564 Sep 10 13:07 ..
-rw-r--r--    1 dbanzizi  2020_roma      87 Sep 10 10:56 .ccls
drwxr-xr-x   16 dbanzizi  2020_roma     544 Sep 10 12:51 .git
-rw-r--r--    1 dbanzizi  2020_roma     871 Aug 26 14:41 .gitignore
-rw-r--r--    1 dbanzizi  2020_roma    1242 Sep 10 10:56 .todo
drwxr-xr-x    3 dbanzizi  2020_roma     102 Sep  2 15:08 .vscode
-rw-r--r--    1 dbanzizi  2020_roma    4129 Sep 10 10:56 Makefile
-rw-r--r--    1 dbanzizi  2020_roma      15 Aug 26 14:41 README.md
-rw-r--r--    1 dbanzizi  2020_roma  770147 Aug 26 14:41 bash.pdf
drwxr-xr-x    6 dbanzizi  2020_roma     204 Sep 10 10:56 include
drwxr-xr-x  105 dbanzizi  2020_roma    3570 Sep 10 12:56 libft
drwxr-xr-x    4 dbanzizi  2020_roma     136 Sep 10 13:06 logs
-rwxr-xr-x    1 dbanzizi  2020_roma  140940 Sep 10 13:07 minishell
drwxr-xr-x    3 dbanzizi  2020_roma     102 Aug 26 15:01 parser.dSYM
drwxr-xr-x    7 dbanzizi  2020_roma     238 Aug 26 14:41 srcs
-rw-r--r--    1 dbanzizi  2020_roma       6 Sep 10 10:56 test.c
-rw-r--r--    1 dbanzizi  2020_roma     544 Sep 10 11:38 test.py
-rw-r--r--    1 dbanzizi  2020_roma     330 Sep 10 13:07 test.sh
drwxr-xr-x    4 dbanzizi  2020_roma     136 Aug 26 14:41 tests
